0 info it worked if it ends with ok
1 verbose cli [ 'C:\\Program Files\\nodejs\\node.exe',
1 verbose cli   'C:\\Program Files\\nodejs\\node_modules\\npm\\bin\\npm-cli.js',
1 verbose cli   'run-script',
1 verbose cli   'dev' ]
2 info using npm@3.10.10
3 info using node@v6.10.0
4 verbose run-script [ 'predev', 'dev', 'postdev' ]
5 info lifecycle vue-cli@~predev: vue-cli@
6 silly lifecycle vue-cli@~predev: no script for predev, continuing
7 info lifecycle vue-cli@~dev: vue-cli@
8 verbose lifecycle vue-cli@~dev: unsafe-perm in lifecycle true
9 verbose lifecycle vue-cli@~dev: PATH: C:\Program Files\nodejs\node_modules\npm\bin\node-gyp-bin;C:\workspace-vuejs\Udemy\module12-directives\node_modules\.bin;C:\ProgramData\Oracle\Java\javapath;C:\windows\system32;C:\windows;C:\windows\System32\Wbem;C:\windows\System32\WindowsPowerShell\v1.0\;C:\Program Files (x86)\Microsoft Host Integration Server\system;C:\Program Files\Microsoft SQL Server\Client SDK\ODBC\110\Tools\Binn\;C:\Program Files (x86)\Microsoft SQL Server\120\Tools\Binn\ManagementStudio\;C:\Program Files (x86)\Microsoft SQL Server\120\Tools\Binn\;C:\Program Files\Microsoft SQL Server\120\Tools\Binn\;C:\Program Files (x86)\Microsoft SQL Server\120\DTS\Binn\;C:\Program Files (x86)\Microsoft SQL Server\110\Tools\Binn\ManagementStudio\;C:\Program Files (x86)\Microsoft SQL Server\110\Tools\Binn\;C:\Program Files\Microsoft SQL Server\110\Tools\Binn\;C:\Program Files (x86)\Microsoft SQL Server\110\DTS\Binn\;C:\Program Files (x86)\CloudFoundry;C:\Program Files\Git\bin;C:\Program Files (x86)\GitExtensions\;C:\Development\Tools\gradle-2.8-all\gradle-2.8\bin;C:\Program Files\Java\jdk1.8.0_60\bin;C:\Development\Tools\apache-ant-1.9.6\bin;C:\Program Files (x86)\Sennheiser\SoftphoneSDK\;C:\Program Files\nodejs\;C:\Program Files\IBM\WebSphere MQ\bin64;C:\Program Files\IBM\WebSphere MQ\bin;C:\Program Files\IBM\WebSphere MQ\tools\c\samples\bin;C:\Users\adm9360\AppData\Local\.meteor\;C:\Users\adm9360\AppData\Roaming\npm
10 verbose lifecycle vue-cli@~dev: CWD: C:\workspace-vuejs\Udemy\module12-directives
11 silly lifecycle vue-cli@~dev: Args: [ '/d /s /c',
11 silly lifecycle   'cross-env NODE_ENV=development webpack-dev-server --open --inline --hot' ]
12 silly lifecycle vue-cli@~dev: Returned: code: 1  signal: null
13 info lifecycle vue-cli@~dev: Failed to exec dev script
14 verbose stack Error: vue-cli@ dev: `cross-env NODE_ENV=development webpack-dev-server --open --inline --hot`
14 verbose stack Exit status 1
14 verbose stack     at EventEmitter.<anonymous> (C:\Program Files\nodejs\node_modules\npm\lib\utils\lifecycle.js:255:16)
14 verbose stack     at emitTwo (events.js:106:13)
14 verbose stack     at EventEmitter.emit (events.js:191:7)
14 verbose stack     at ChildProcess.<anonymous> (C:\Program Files\nodejs\node_modules\npm\lib\utils\spawn.js:40:14)
14 verbose stack     at emitTwo (events.js:106:13)
14 verbose stack     at ChildProcess.emit (events.js:191:7)
14 verbose stack     at maybeClose (internal/child_process.js:877:16)
14 verbose stack     at Process.ChildProcess._handle.onexit (internal/child_process.js:226:5)
15 verbose pkgid vue-cli@
16 verbose cwd C:\workspace-vuejs\Udemy\module12-directives
17 error Windows_NT 6.1.7601
18 error argv "C:\\Program Files\\nodejs\\node.exe" "C:\\Program Files\\nodejs\\node_modules\\npm\\bin\\npm-cli.js" "run-script" "dev"
19 error node v6.10.0
20 error npm  v3.10.10
21 error code ELIFECYCLE
22 error vue-cli@ dev: `cross-env NODE_ENV=development webpack-dev-server --open --inline --hot`
22 error Exit status 1
23 error Failed at the vue-cli@ dev script 'cross-env NODE_ENV=development webpack-dev-server --open --inline --hot'.
23 error Make sure you have the latest version of node.js and npm installed.
23 error If you do, this is most likely a problem with the vue-cli package,
23 error not with npm itself.
23 error Tell the author that this fails on your system:
23 error     cross-env NODE_ENV=development webpack-dev-server --open --inline --hot
23 error You can get information on how to open an issue for this project with:
23 error     npm bugs vue-cli
23 error Or if that isn't available, you can get their info via:
23 error     npm owner ls vue-cli
23 error There is likely additional logging output above.
24 verbose exit [ 1, true ]
